<?xml version="1.0" encoding="UTF-8"?>
<!-- Generated by org.testng.reporters.JUnitReportReporter -->
<testsuite skipped="0" hostname="ASI-1" name="TestNGSamples.test4" tests="3" failures="0" timestamp="11 Jul 2017 00:20:50 GMT" time="0.029" errors="0">
  <testcase name="Login" time="0.017" classname="TestNGSamples.test4"/>
  <testcase name="Login" time="0.010" classname="TestNGSamples.test4"/>
  <testcase name="Login" time="0.002" classname="TestNGSamples.test4"/>
</testsuite> <!-- TestNGSamples.test4 -->
