<?xml version="1.0" encoding="UTF-8"?>
<!-- Generated by org.testng.reporters.JUnitReportReporter -->
<testsuite skipped="0" hostname="ASI-1" name="TestNGSamples.test3" tests="3" failures="0" timestamp="11 Jul 2017 00:15:52 GMT" time="0.039" errors="0">
  <testcase name="one" time="0.028" classname="TestNGSamples.test3"/>
  <testcase name="two" time="0.006" classname="TestNGSamples.test3"/>
  <testcase name="three" time="0.005" classname="TestNGSamples.test3"/>
</testsuite> <!-- TestNGSamples.test3 -->
