<?xml version="1.0" encoding="UTF-8"?>
<!-- Generated by org.testng.reporters.JUnitReportReporter -->
<testsuite skipped="0" hostname="ASI-1" name="TestNGSamples.test2" tests="1" failures="0" timestamp="11 Jul 2017 00:03:28 GMT" time="0.003" errors="0">
  <testcase name="m4" time="0.003" classname="TestNGSamples.test2"/>
</testsuite> <!-- TestNGSamples.test2 -->
